<?xml version="1.0" encoding="UTF-8"?>
<testsuite xmlns:xsi="http://www.w3.org/2001/XMLSchema-instance" xsi:noNamespaceSchemaLocation="https://maven.apache.org/surefire/maven-surefire-plugin/xsd/surefire-test-report-3.0.xsd" version="3.0" name="com.example.dd.DdApplicationTests" time="2.923" tests="1" errors="0" skipped="0" failures="0">
  <properties>
[...]
</properties>
  <testcase name="contextLoads" classname="com.example.dd.DdApplicationTests" time="0.312">
    <system-out><![CDATA[02:07:42.558 [main] INFO org.springframework.test.context.support.AnnotationConfigContextLoaderUtils -- Could not detect default configuration classes for test class [com.example.dd.DdApplicationTests]: DdApplicationTests does not declare any static, non-private, non-final, nested classes annotated with @Configuration.
02:07:42.609 [main] INFO org.springframework.boot.test.context.SpringBootTestContextBootstrapper -- Found @SpringBootConfiguration com.example.dd.DdApplication for test class com.example.dd.DdApplicationTests
  .   ____          _            __ _ _
 /\\ / ___'_ __ _ _(_)_ __  __ _ \ \ \ \
( ( )\___ | '_ | '_| | '_ \/ _` | \ \ \ \
 \\/  ___)| |_)| | | | | || (_| |  ) ) ) )
  '  |____| .__|_| |_|_| |_\__, | / / / /
 =========|_|==============|___/=/_/_/_/

 :: Spring Boot ::                (v3.3.0)

2024-06-01T02:07:42.805+06:00  INFO 41873 --- [dd] [           main] com.example.dd.DdApplicationTests        : Starting DdApplicationTests using Java 21.0.3 with PID 41873 (started by tarielakmatov in /Users/tarielakmatov/IdeaProjects/dd)
2024-06-01T02:07:42.806+06:00  INFO 41873 --- [dd] [           main] com.example.dd.DdApplicationTests        : No active profile set, falling back to 1 default profile: "default"
2024-06-01T02:07:43.243+06:00  INFO 41873 --- [dd] [           main] .s.d.r.c.RepositoryConfigurationDelegate : Bootstrapping Spring Data JPA repositories in DEFAULT mode.
2024-06-01T02:07:43.277+06:00  INFO 41873 --- [dd] [           main] .s.d.r.c.RepositoryConfigurationDelegate : Finished Spring Data repository scanning in 30 ms. Found 5 JPA repository interfaces.
2024-06-01T02:07:43.550+06:00  INFO 41873 --- [dd] [           main] o.hibernate.jpa.internal.util.LogHelper  : HHH000204: Processing PersistenceUnitInfo [name: default]
2024-06-01T02:07:43.581+06:00  INFO 41873 --- [dd] [           main] org.hibernate.Version                    : HHH000412: Hibernate ORM core version 6.5.2.Final
2024-06-01T02:07:43.597+06:00  INFO 41873 --- [dd] [           main] o.h.c.internal.RegionFactoryInitiator    : HHH000026: Second-level cache disabled
2024-06-01T02:07:43.745+06:00  INFO 41873 --- [dd] [           main] o.s.o.j.p.SpringPersistenceUnitInfo      : No LoadTimeWeaver setup: ignoring JPA class transformer
2024-06-01T02:07:43.758+06:00  INFO 41873 --- [dd] [           main] com.zaxxer.hikari.HikariDataSource       : HikariPool-1 - Starting...
2024-06-01T02:07:43.842+06:00  INFO 41873 --- [dd] [           main] com.zaxxer.hikari.pool.HikariPool        : HikariPool-1 - Added connection org.postgresql.jdbc.PgConnection@54bb1194
2024-06-01T02:07:43.843+06:00  INFO 41873 --- [dd] [           main] com.zaxxer.hikari.HikariDataSource       : HikariPool-1 - Start completed.
2024-06-01T02:07:43.878+06:00  WARN 41873 --- [dd] [           main] org.hibernate.orm.deprecation            : HHH90000025: PostgreSQLDialect does not need to be specified explicitly using 'hibernate.dialect' (remove the property setting and it will be selected by default)
2024-06-01T02:07:44.360+06:00  INFO 41873 --- [dd] [           main] o.h.e.t.j.p.i.JtaPlatformInitiator       : HHH000489: No JTA platform available (set 'hibernate.transaction.jta.platform' to enable JTA platform integration)
Hibernate: alter table if exists business alter column business_description set data type TEXT
Hibernate: create table transaction (id bigint not null, expiration_date date, number_sender varchar(255), sum bigint, business bigint, primary key (id))
Hibernate: create sequence transaction_seq start with 1 increment by 50
Hibernate: alter table if exists transaction add constraint FKlccvms6loql44a2hanvaitegm foreign key (business) references business
2024-06-01T02:07:44.442+06:00  INFO 41873 --- [dd] [           main] j.LocalContainerEntityManagerFactoryBean : Initialized JPA EntityManagerFactory for persistence unit 'default'
2024-06-01T02:07:44.619+06:00  INFO 41873 --- [dd] [           main] eAuthenticationProviderManagerConfigurer : Global AuthenticationManager configured with AuthenticationProvider bean with name authenticationProvider
2024-06-01T02:07:44.620+06:00  WARN 41873 --- [dd] [           main] r$InitializeUserDetailsManagerConfigurer : Global AuthenticationManager configured with an AuthenticationProvider bean. UserDetailsService beans will not be used for username/password login. Consider removing the AuthenticationProvider bean. Alternatively, consider using the UserDetailsService in a manually instantiated DaoAuthenticationProvider.
2024-06-01T02:07:44.713+06:00  WARN 41873 --- [dd] [           main] JpaBaseConfiguration$JpaWebConfiguration : spring.jpa.open-in-view is enabled by default. Therefore, database queries may be performed during view rendering. Explicitly configure spring.jpa.open-in-view to disable this warning
2024-06-01T02:07:44.868+06:00  INFO 41873 --- [dd] [           main] o.s.s.web.DefaultSecurityFilterChain     : Will secure any request with [org.springframework.security.web.session.DisableEncodeUrlFilter@1e9afe4e, org.springframework.security.web.context.request.async.WebAsyncManagerIntegrationFilter@1f67d37f, org.springframework.security.web.context.SecurityContextHolderFilter@518ed9b4, org.springframework.security.web.header.HeaderWriterFilter@31c29db1, org.springframework.security.web.authentication.logout.LogoutFilter@1ac30be4, com.example.dd.security.JwtFilter@31921151, org.springframework.security.web.savedrequest.RequestCacheAwareFilter@694dc99b, org.springframework.security.web.servletapi.SecurityContextHolderAwareRequestFilter@65a01901, org.springframework.security.web.authentication.AnonymousAuthenticationFilter@5b8ba1d2, org.springframework.security.web.session.SessionManagementFilter@7af17d31, org.springframework.security.web.access.ExceptionTranslationFilter@219ec4b6, org.springframework.security.web.access.intercept.AuthorizationFilter@4b6942a0]
2024-06-01T02:07:45.070+06:00  INFO 41873 --- [dd] [           main] com.example.dd.DdApplicationTests        : Started DdApplicationTests in 2.396 seconds (process running for 2.904)
]]></system-out>
    <system-err><![CDATA[WARNING: A Java agent has been loaded dynamically (/Users/tarielakmatov/.m2/repository/net/bytebuddy/byte-buddy-agent/1.14.16/byte-buddy-agent-1.14.16.jar)
WARNING: If a serviceability tool is in use, please run with -XX:+EnableDynamicAgentLoading to hide this warning
WARNING: If a serviceability tool is not in use, please run with -Djdk.instrument.traceUsage for more information
WARNING: Dynamic loading of agents will be disallowed by default in a future release
]]></system-err>
  </testcase>
</testsuite>